This is pdfTeX, Version 3.1415926-1.40.10 (TeX Live 2009/Debian) (format=pdflatex 2012.1.12)  17 FEB 2012 17:41
entering extended mode
 %&-line parsing enabled.
**\nonstopmode\input rapport-sebatien.tex
(./rapport-sebatien.tex (/usr/share/texmf-texlive/tex/latex/base/article.cls
Document Class: article 2007/10/19 v1.4h Standard LaTeX document class
(/usr/share/texmf-texlive/tex/latex/base/size10.clo
File: size10.clo 2007/10/19 v1.4h Standard LaTeX file (size option)
)
\c@part=\count79
\c@section=\count80
\c@subsection=\count81
\c@subsubsection=\count82
\c@paragraph=\count83
\c@subparagraph=\count84
\c@figure=\count85
\c@table=\count86
\abovecaptionskip=\skip41
\belowcaptionskip=\skip42
\bibindent=\dimen102
)
(/usr/share/texmf-texlive/tex/latex/base/fontenc.sty
Package: fontenc 2005/09/27 v1.99g Standard LaTeX package

(/usr/share/texmf-texlive/tex/latex/base/t1enc.def
File: t1enc.def 2005/09/27 v1.99g Standard LaTeX file
LaTeX Font Info:    Redeclaring font encoding T1 on input line 43.
))
(/usr/share/texmf-texlive/tex/latex/base/inputenc.sty
Package: inputenc 2008/03/30 v1.1d Input encoding file
\inpenc@prehook=\toks14
\inpenc@posthook=\toks15

(/usr/share/texmf-texlive/tex/latex/base/latin9.def
File: latin9.def 2008/03/30 v1.1d Input encoding file
))
(/usr/share/texmf-texlive/tex/generic/babel/babel.sty
Package: babel 2008/07/06 v3.8l The Babel package

(/usr/share/texmf-texlive/tex/generic/babel/english.ldf
Language: english 2005/03/30 v3.3o English support from the babel system

(/usr/share/texmf-texlive/tex/generic/babel/babel.def
File: babel.def 2008/07/06 v3.8l Babel common definitions
\babel@savecnt=\count87
\U@D=\dimen103
)
\l@british = a dialect from \language\l@english 
\l@UKenglish = a dialect from \language\l@english 
\l@canadian = a dialect from \language\l@american 
\l@australian = a dialect from \language\l@british 
\l@newzealand = a dialect from \language\l@british 
))
No file rapport-sebatien.aux.
\openout1 = `rapport-sebatien.aux'.

LaTeX Font Info:    Checking defaults for OML/cmm/m/it on input line 8.
LaTeX Font Info:    ... okay on input line 8.
LaTeX Font Info:    Checking defaults for T1/cmr/m/n on input line 8.
LaTeX Font Info:    ... okay on input line 8.
LaTeX Font Info:    Checking defaults for OT1/cmr/m/n on input line 8.
LaTeX Font Info:    ... okay on input line 8.
LaTeX Font Info:    Checking defaults for OMS/cmsy/m/n on input line 8.
LaTeX Font Info:    ... okay on input line 8.
LaTeX Font Info:    Checking defaults for OMX/cmex/m/n on input line 8.
LaTeX Font Info:    ... okay on input line 8.
LaTeX Font Info:    Checking defaults for U/cmr/m/n on input line 8.
LaTeX Font Info:    ... okay on input line 8.

Overfull \hbox (3.07195pt too wide) in paragraph at lines 39--39
\T1/cmr/bx/n/10 la forme d'un ému-la-teur per-me-t-tant de créer plusieurs en-v
i-ron-nements
 []

LaTeX Font Info:    Try loading font information for OMS+cmr on input line 62.
(/usr/share/texmf-texlive/tex/latex/base/omscmr.fd
File: omscmr.fd 1999/05/25 v2.5h Standard LaTeX font definitions
)
LaTeX Font Info:    Font shape `OMS/cmr/m/n' in size <10> not available
(Font)              Font shape `OMS/cmsy/m/n' tried instead on input line 62.
 [1

{/var/lib/texmf/fonts/map/pdftex/updmap/pdftex.map}]
Overfull \hbox (16.3326pt too wide) in paragraph at lines 98--98
\T1/cmr/bx/n/10 vaste gamme de matériel main-frame et op-ti-miser l'utilisation
 du matériel.
 []


Overfull \hbox (3.88702pt too wide) in paragraph at lines 123--123
 \T1/cmr/bx/n/10 Grid'5000 est un in-stru-ment sci-en-tifique des-tiné à souten
ir la recherche
 []

[2]
Overfull \hbox (21.10643pt too wide) in paragraph at lines 134--134
 \T1/cmr/bx/n/10 Un site fait référence à la zone géo-graphique du lab-o-ra-toi
re d'hébergement
 []

[3]
Overfull \hbox (9.30792pt too wide) in paragraph at lines 188--188
 \T1/cmr/bx/n/10 Les n÷uds de ser-vices héberge-ment de tous les ser-vices d'in
frastructure:
 []


Overfull \hbox (3.11082pt too wide) in paragraph at lines 188--188
\T1/cmr/bx/n/10 leurs sys-tèmes s'appuie sur la vir-tu-al-i-sa-tion pour les be
-soins d'isolation[] 
 []


Overfull \hbox (33.0526pt too wide) in paragraph at lines 205--205
\T1/cmr/bx/n/10 Cen-ter ne fonc-tionne qu'avec Win-dows. OpenX-en-Man-ager/Open
XenCenter
 []


Overfull \hbox (33.18675pt too wide) in paragraph at lines 214--214
[]\T1/cmr/bx/n/14.4 GUIDE D'INSTALLATION D'OPENXENMANAGER 
 []

[4]
Overfull \hbox (19.22275pt too wide) in paragraph at lines 226--228
[]\T1/cmr/m/n/10 svn co https://openxenmanager.svn.sourceforge.net/svnroot/open
xenmanager
 []

[5] (./rapport-sebatien.aux) ) 
Here is how much of TeX's memory you used:
 784 strings out of 495061
 8402 string characters out of 1182621
 60648 words of memory out of 3000000
 4016 multiletter control sequences out of 15000+50000
 9812 words of font info for 22 fonts, out of 3000000 for 9000
 28 hyphenation exceptions out of 8191
 25i,4n,19p,918b,179s stack positions out of 5000i,500n,10000p,200000b,50000s
 </home/mathieu/.texmf-var/fonts/pk/ljfour/jknapp
en/ec/ecrm1000.600pk> </home/mathieu/.texmf-var/fonts/pk/ljfour/jknappen/ec/ecb
x1200.600pk> </home/mathieu/.texmf-var/fonts/pk/ljfour/jknappen/ec/ecbx1000.600
pk> </home/mathieu/.texmf-var/fonts/pk/ljfour/jknappen/ec/ecbx1440.600pk> </hom
e/mathieu/.texmf-var/fonts/pk/ljfour/jknappen/ec/ecbx2074.600pk></usr/share/tex
mf-texlive/fonts/type1/public/amsfonts/cm/cmsy10.pfb>
Output written on rapport-sebatien.pdf (5 pages, 97217 bytes).
PDF statistics:
 265 PDF objects out of 1000 (max. 8388607)
 0 named destinations out of 1000 (max. 500000)
 1 words of extra memory for PDF output out of 10000 (max. 10000000)

